# JRE version: Java(TM) SE Runtime Environment (8.0_201-b09) (build 1.8.0_201-b09)
# Java VM: Java HotSpot(TM) 64-Bit Server VM (25.201-b09 mixed mode windows-amd64 compressed oops)
Heap:
 PSYoungGen      total 140800K, used 10653K [0x00000000d6500000, 0x00000000e4900000, 0x0000000100000000)
  eden space 129024K, 0% used [0x00000000d6500000,0x00000000d6500000,0x00000000de300000)
  from space 11776K, 90% used [0x00000000e3d80000,0x00000000e47e76e8,0x00000000e4900000)
  to   space 9216K, 0% used [0x00000000de300000,0x00000000de300000,0x00000000dec00000)
 ParOldGen       total 47104K, used 8705K [0x0000000082e00000, 0x0000000085c00000, 0x00000000d6500000)
  object space 47104K, 18% used [0x0000000082e00000,0x0000000083680740,0x0000000085c00000)
 Metaspace       used 33567K, capacity 35954K, committed 36048K, reserved 1081344K
  class space    used 4542K, capacity 4953K, committed 4992K, reserved 1048576K
GC Heap History (10 events):
Event: 2.362 GC heap after
Heap after GC invocations=5 (full 0):
 PSYoungGen      total 70656K, used 5111K [0x00000000d6500000, 0x00000000df500000, 0x0000000100000000)
  eden space 65536K, 0% used [0x00000000d6500000,0x00000000d6500000,0x00000000da500000)
  from space 5120K, 99% used [0x00000000da500000,0x00000000da9fdff0,0x00000000daa00000)
  to   space 8192K, 0% used [0x00000000ded00000,0x00000000ded00000,0x00000000df500000)
 ParOldGen       total 86016K, used 5587K [0x0000000082e00000, 0x0000000088200000, 0x00000000d6500000)
  object space 86016K, 6% used [0x0000000082e00000,0x0000000083374eb8,0x0000000088200000)
 Metaspace       used 20178K, capacity 21448K, committed 21628K, reserved 1069056K
  class space    used 2743K, capacity 3006K, committed 3072K, reserved 1048576K
}
Event: 2.362 GC heap before
{Heap before GC invocations=6 (full 1):
 PSYoungGen      total 70656K, used 5111K [0x00000000d6500000, 0x00000000df500000, 0x0000000100000000)
  eden space 65536K, 0% used [0x00000000d6500000,0x00000000d6500000,0x00000000da500000)
  from space 5120K, 99% used [0x00000000da500000,0x00000000da9fdff0,0x00000000daa00000)
  to   space 8192K, 0% used [0x00000000ded00000,0x00000000ded00000,0x00000000df500000)
 ParOldGen       total 86016K, used 5587K [0x0000000082e00000, 0x0000000088200000, 0x00000000d6500000)
  object space 86016K, 6% used [0x0000000082e00000,0x0000000083374eb8,0x0000000088200000)
 Metaspace       used 20178K, capacity 21448K, committed 21628K, reserved 1069056K
  class space    used 2743K, capacity 3006K, committed 3072K, reserved 1048576K
Event: 2.393 GC heap after
Heap after GC invocations=6 (full 1):
 PSYoungGen      total 70656K, used 0K [0x00000000d6500000, 0x00000000df500000, 0x0000000100000000)
  eden space 65536K, 0% used [0x00000000d6500000,0x00000000d6500000,0x00000000da500000)
  from space 5120K, 0% used [0x00000000da500000,0x00000000da500000,0x00000000daa00000)
  to   space 8192K, 0% used [0x00000000ded00000,0x00000000ded00000,0x00000000df500000)
 ParOldGen       total 47104K, used 5513K [0x0000000082e00000, 0x0000000085c00000, 0x00000000d6500000)
  object space 47104K, 11% used [0x0000000082e00000,0x0000000083362640,0x0000000085c00000)
 Metaspace       used 20178K, capacity 21448K, committed 21628K, reserved 1069056K
  class space    used 2743K, capacity 3006K, committed 3072K, reserved 1048576K
}
Event: 3.338 GC heap before
{Heap before GC invocations=7 (full 1):
 PSYoungGen      total 70656K, used 65536K [0x00000000d6500000, 0x00000000df500000, 0x0000000100000000)
  eden space 65536K, 100% used [0x00000000d6500000,0x00000000da500000,0x00000000da500000)
  from space 5120K, 0% used [0x00000000da500000,0x00000000da500000,0x00000000daa00000)
  to   space 8192K, 0% used [0x00000000ded00000,0x00000000ded00000,0x00000000df500000)
 ParOldGen       total 47104K, used 5513K [0x0000000082e00000, 0x0000000085c00000, 0x00000000d6500000)
  object space 47104K, 11% used [0x0000000082e00000,0x0000000083362640,0x0000000085c00000)
 Metaspace       used 26149K, capacity 27710K, committed 27904K, reserved 1073152K
  class space    used 3507K, capacity 3825K, committed 3840K, reserved 1048576K
Event: 3.350 GC heap after
Heap after GC invocations=7 (full 1):
 PSYoungGen      total 126976K, used 8189K [0x00000000d6500000, 0x00000000df500000, 0x0000000100000000)
  eden space 118784K, 0% used [0x00000000d6500000,0x00000000d6500000,0x00000000dd900000)
  from space 8192K, 99% used [0x00000000ded00000,0x00000000df4ff610,0x00000000df500000)
  to   space 9216K, 0% used [0x00000000de300000,0x00000000de300000,0x00000000dec00000)
 ParOldGen       total 47104K, used 5646K [0x0000000082e00000, 0x0000000085c00000, 0x00000000d6500000)
  object space 47104K, 11% used [0x0000000082e00000,0x00000000833839d0,0x0000000085c00000)
 Metaspace       used 26149K, capacity 27710K, committed 27904K, reserved 1073152K
  class space    used 3507K, capacity 3825K, committed 3840K, reserved 1048576K
}
Event: 5.341 GC heap before
{Heap before GC invocations=8 (full 1):
 PSYoungGen      total 126976K, used 126973K [0x00000000d6500000, 0x00000000df500000, 0x0000000100000000)
  eden space 118784K, 100% used [0x00000000d6500000,0x00000000dd900000,0x00000000dd900000)
  from space 8192K, 99% used [0x00000000ded00000,0x00000000df4ff610,0x00000000df500000)
  to   space 9216K, 0% used [0x00000000de300000,0x00000000de300000,0x00000000dec00000)
 ParOldGen       total 47104K, used 5646K [0x0000000082e00000, 0x0000000085c00000, 0x00000000d6500000)
  object space 47104K, 11% used [0x0000000082e00000,0x00000000833839d0,0x0000000085c00000)
 Metaspace       used 32193K, capacity 34380K, committed 34432K, reserved 1079296K
  class space    used 4338K, capacity 4734K, committed 4736K, reserved 1048576K
Event: 5.357 GC heap after
Heap after GC invocations=8 (full 1):
 PSYoungGen      total 138240K, used 9200K [0x00000000d6500000, 0x00000000e4900000, 0x0000000100000000)
  eden space 129024K, 0% used [0x00000000d6500000,0x00000000d6500000,0x00000000de300000)
  from space 9216K, 99% used [0x00000000de300000,0x00000000debfc108,0x00000000dec00000)
  to   space 11776K, 0% used [0x00000000e3d80000,0x00000000e3d80000,0x00000000e4900000)
 ParOldGen       total 47104K, used 8697K [0x0000000082e00000, 0x0000000085c00000, 0x00000000d6500000)
  object space 47104K, 18% used [0x0000000082e00000,0x000000008367e740,0x0000000085c00000)
 Metaspace       used 32193K, capacity 34380K, committed 34432K, reserved 1079296K
  class space    used 4338K, capacity 4734K, committed 4736K, reserved 1048576K
}
Event: 6.058 GC heap before
{Heap before GC invocations=9 (full 1):
 PSYoungGen      total 138240K, used 51411K [0x00000000d6500000, 0x00000000e4900000, 0x0000000100000000)
  eden space 129024K, 32% used [0x00000000d6500000,0x00000000d8e38da0,0x00000000de300000)
  from space 9216K, 99% used [0x00000000de300000,0x00000000debfc108,0x00000000dec00000)
  to   space 11776K, 0% used [0x00000000e3d80000,0x00000000e3d80000,0x00000000e4900000)
 ParOldGen       total 47104K, used 8697K [0x0000000082e00000, 0x0000000085c00000, 0x00000000d6500000)
  object space 47104K, 18% used [0x0000000082e00000,0x000000008367e740,0x0000000085c00000)
 Metaspace       used 33567K, capacity 35954K, committed 36048K, reserved 1081344K
  class space    used 4542K, capacity 4953K, committed 4992K, reserved 1048576K
Event: 6.088 GC heap after
Heap after GC invocations=9 (full 1):
 PSYoungGen      total 140800K, used 10653K [0x00000000d6500000, 0x00000000e4900000, 0x0000000100000000)
  eden space 129024K, 0% used [0x00000000d6500000,0x00000000d6500000,0x00000000de300000)
  from space 11776K, 90% used [0x00000000e3d80000,0x00000000e47e76e8,0x00000000e4900000)
  to   space 9216K, 0% used [0x00000000de300000,0x00000000de300000,0x00000000dec00000)
 ParOldGen       total 47104K, used 8705K [0x0000000082e00000, 0x0000000085c00000, 0x00000000d6500000)
  object space 47104K, 18% used [0x0000000082e00000,0x0000000083680740,0x0000000085c00000)
 Metaspace       used 33567K, capacity 35954K, committed 36048K, reserved 1081344K
  class space    used 4542K, capacity 4953K, committed 4992K, reserved 1048576K
}
Event: 6.088 GC heap before
{Heap before GC invocations=10 (full 2):
 PSYoungGen      total 140800K, used 10653K [0x00000000d6500000, 0x00000000e4900000, 0x0000000100000000)
  eden space 129024K, 0% used [0x00000000d6500000,0x00000000d6500000,0x00000000de300000)
  from space 11776K, 90% used [0x00000000e3d80000,0x00000000e47e76e8,0x00000000e4900000)
  to   space 9216K, 0% used [0x00000000de300000,0x00000000de300000,0x00000000dec00000)
 ParOldGen       total 47104K, used 8705K [0x0000000082e00000, 0x0000000085c00000, 0x00000000d6500000)
  object space 47104K, 18% used [0x0000000082e00000,0x0000000083680740,0x0000000085c00000)
 Metaspace       used 33567K, capacity 35954K, committed 36048K, reserved 1081344K
  class space    used 4542K, capacity 4953K, committed 4992K, reserved 1048576K

